\standalonepreambles
\subpreamble{Graphs/ASAD.tex}
\usepackage {my_preamble}
\endsubpreamble
\subpreamble{Graphs/invest_theory_1.tex}
\usepackage {my_preamble}
\endsubpreamble
\subpreamble{Graphs/invest_theory_2.tex}
\usepackage {my_preamble}
\endsubpreamble
\subpreamble{Graphs/OSM.tex}
\usepackage {my_preamble}
\endsubpreamble
\subpreamble{Graphs/RBC_labour_market.tex}
\usepackage {my_preamble}
\endsubpreamble
\subpreamble{Graphs/solow_model.tex}
\usepackage {my_preamble}
\endsubpreamble
\endstandalonepreambles
